<?xml version="1.0" encoding="UTF-8"?>
<!-- Generated by org.testng.reporters.JUnitReportReporter -->
<testsuite hostname="RAIAANs-Air.fios-router.home" failures="0" tests="2" name="runner.TestRunner" time="4.157" errors="0" timestamp="2020-07-26T18:03:40 EDT" skipped="0">
  <testcase classname="runner.TestRunner" name="runScenario" time="1.718"/>
  <system-out/>
  <testcase classname="runner.TestRunner" name="runScenario" time="2.439"/>
  <system-out/>
</testsuite> <!-- runner.TestRunner -->
